(c) Copyright 2012-2019 Xilinx, Inc. All Rights Reserved.
#-----------------------------------------------------------
# Tool version  : sds++ 2019.1 SW Build 2552052 on Fri May 24 14:48:04 MDT 2019
# Start time    : Fri Apr 24 10:26:47 CST 2020
# Command line  : sds++ -Wall -O3 -I../src -c -fmessage-length=0 -MTsrc/lrbgd.o -MMD -MP -MFsrc/lrbgd.d -MTsrc/lrbgd.o -o src/lrbgd.o ../src/lrbgd.cpp -sds-hw bgd_accel lrbgd.cpp -clkid 2 -sds-end -sds-hw s2mm_data_copy dmain.cpp -clkid 2 -sds-end -sds-hw via_dma_in0 dmain.cpp -clkid 2 -sds-end -sds-hw via_dma_in1 dmain.cpp -clkid 2 -sds-end -sds-sys-config linux -sds-proc linux -sds-pf zc706
# Log file      : /home/roy/workspace/via_bgd/Release/_sds/reports/sds_lrbgd.log
# Journal file  : /home/roy/workspace/via_bgd/Release/_sds/reports/sds_lrbgd.jou
# Report file   : /home/roy/workspace/via_bgd/Release/_sds/reports/sds_lrbgd.rpt
#-----------------------------------------------------------

High-Level Synthesis
--------------------

  Vivado HLS Report : /home/roy/workspace/via_bgd/Release/_sds/vhls/bgd_accel/solution/syn/report/bgd_accel_csynth.rpt



================================================================
== Performance Estimates
================================================================
+ Timing (ns): 
    * Summary: 
    +--------+-------+----------+------------+
    |  Clock | Target| Estimated| Uncertainty|
    +--------+-------+----------+------------+
    |ap_clk  |  10.00|     8.364|        2.70|
    +--------+-------+----------+------------+

+ Latency (clock cycles): 
    * Summary: 
    +----------+----------+----------+----------+---------+
    |       Latency       |       Interval      | Pipeline|
    |    min   |    max   |    min   |    max   |   Type  |
    +----------+----------+----------+----------+---------+
    |  78323707|  78323707|  78323707|  78323707|   none  |
    +----------+----------+----------+----------+---------+

    + Detail: 
        * Instance: 
        +----------------------+-----------+------+------+------+------+---------+
        |                      |           |   Latency   |   Interval  | Pipeline|
        |       Instance       |   Module  |  min |  max |  min |  max |   Type  |
        +----------------------+-----------+------+------+------+------+---------+
        |grp_bgd_func0_fu_393  |bgd_func0  |  1847|  1847|  1847|  1847|   none  |
        |grp_bgd_func4_fu_404  |bgd_func4  |  1684|  1684|  1684|  1684|   none  |
        |grp_bgd_func2_fu_414  |bgd_func2  |  1684|  1684|  1684|  1684|   none  |
        |grp_bgd_func3_fu_424  |bgd_func3  |  1684|  1684|  1684|  1684|   none  |
        |grp_bgd_func1_fu_434  |bgd_func1  |  1684|  1684|  1684|  1684|   none  |
        +----------------------+-----------+------+------+------+------+---------+

        * Loop: 
        +--------------------+----------+----------+----------+-----------+-----------+------+----------+
        |                    |       Latency       | Iteration|  Initiation Interval  | Trip |          |
        |      Loop Name     |    min   |    max   |  Latency |  achieved |   target  | Count| Pipelined|
        +--------------------+----------+----------+----------+-----------+-----------+------+----------+
        |- _RECV_WEIGHT_     |      7850|      7850|         2|          1|          1|  7850|    yes   |
        |- _CHUNKS_LOOP_     |  78308000|  78308000|     19577|          -|          -|  4000|    no    |
        | + _RECV_DATA_      |      2385|      2385|         4|          3|          1|   795|    yes   |
        | + _GRADIENT_CALC_  |     17188|     17188|      8594|          -|          -|     2|    no    |
        |- _SEND_GRADIENT_   |      7852|      7852|         4|          1|          1|  7850|    yes   |
        +--------------------+----------+----------+----------+-----------+-----------+------+----------+



================================================================
== Utilization Estimates
================================================================
* Summary: 
+-----------------+---------+-------+--------+--------+-----+
|       Name      | BRAM_18K| DSP48E|   FF   |   LUT  | URAM|
+-----------------+---------+-------+--------+--------+-----+
|DSP              |        -|      2|       -|       -|    -|
|Expression       |        -|      -|       0|     558|    -|
|FIFO             |        -|      -|       -|       -|    -|
|Instance         |        2|    170|   37124|   45770|    0|
|Memory           |       40|      -|      64|       5|    0|
|Multiplexer      |        -|      -|       -|     157|    -|
|Register         |        0|      -|     884|      32|    -|
+-----------------+---------+-------+--------+--------+-----+
|Total            |       42|    172|   38072|   46522|    0|
+-----------------+---------+-------+--------+--------+-----+
|Available        |     1090|    900|  437200|  218600|    0|
+-----------------+---------+-------+--------+--------+-----+
|Utilization (%)  |        3|     19|       8|      21|    0|
+-----------------+---------+-------+--------+--------+-----+

+ Detail: 
    * Instance: 
    +----------------------+-----------+---------+-------+------+------+-----+
    |       Instance       |   Module  | BRAM_18K| DSP48E|  FF  |  LUT | URAM|
    +----------------------+-----------+---------+-------+------+------+-----+
    |grp_bgd_func0_fu_393  |bgd_func0  |        2|     34|  7412|  9562|    0|
    |grp_bgd_func1_fu_434  |bgd_func1  |        0|     34|  7428|  9047|    0|
    |grp_bgd_func2_fu_414  |bgd_func2  |        0|     34|  7428|  9053|    0|
    |grp_bgd_func3_fu_424  |bgd_func3  |        0|     34|  7428|  9053|    0|
    |grp_bgd_func4_fu_404  |bgd_func4  |        0|     34|  7428|  9055|    0|
    +----------------------+-----------+---------+-------+------+------+-----+
    |Total                 |           |        2|    170| 37124| 45770|    0|
    +----------------------+-----------+---------+-------+------+------+-----+

    * DSP48E: 
    +-----------------------------------------------+-------------------------------------------+--------------+
    |                    Instance                   |                   Module                  |  Expression  |
    +-----------------------------------------------+-------------------------------------------+--------------+
    |bgd_accel_mac_muladd_11ns_14s_14ns_14_1_1_U71  |bgd_accel_mac_muladd_11ns_14s_14ns_14_1_1  | i0 + i1 * i2 |
    |bgd_accel_mac_muladd_11ns_14s_14ns_14_1_1_U72  |bgd_accel_mac_muladd_11ns_14s_14ns_14_1_1  | i0 + i1 * i2 |
    +-----------------------------------------------+-------------------------------------------+--------------+

    * Memory: 
    +---------------+-----------------------+---------+----+----+-----+------+-----+------+-------------+
    |     Memory    |         Module        | BRAM_18K| FF | LUT| URAM| Words| Bits| Banks| W*Bits*Banks|
    +---------------+-----------------------+---------+----+----+-----+------+-----+------+-------------+
    |fltData_U      |bgd_accel_fltData      |        8|   0|   0|    0|  3925|   32|     1|       125600|
    |fltGradient_U  |bgd_accel_fltGradient  |       16|   0|   0|    0|  7850|   32|     1|       251200|
    |fltLabel_U     |bgd_accel_fltLabel     |        0|  64|   5|    0|    10|   32|     1|          320|
    |fltWeight_U    |bgd_accel_fltWeight    |       16|   0|   0|    0|  7850|   32|     1|       251200|
    +---------------+-----------------------+---------+----+----+-----+------+-----+------+-------------+
    |Total          |                       |       40|  64|   5|    0| 19635|  128|     4|       628320|
    +---------------+-----------------------+---------+----+----+-----+------+-----+------+-------------+

    * FIFO: 
    N/A

    * Expression: 
    +----------------------------------+----------+-------+---+----+------------+------------+
    |           Variable Name          | Operation| DSP48E| FF| LUT| Bitwidth P0| Bitwidth P1|
    +----------------------------------+----------+-------+---+----+------------+------------+
    |add_ln439_1_fu_573_p2             |     +    |      0|  0|  12|          12|          10|
    |add_ln439_2_fu_587_p2             |     +    |      0|  0|  12|          12|          11|
    |add_ln439_3_fu_597_p2             |     +    |      0|  0|  13|          13|          12|
    |add_ln439_4_fu_613_p2             |     +    |      0|  0|  13|          13|          12|
    |add_ln439_fu_559_p2               |     +    |      0|  0|  11|          11|           5|
    |add_ln451_fu_634_p2               |     +    |      0|  0|   6|           4|           1|
    |add_ln453_fu_645_p2               |     +    |      0|  0|   6|           4|           2|
    |add_ln454_fu_656_p2               |     +    |      0|  0|   6|           4|           2|
    |add_ln455_fu_667_p2               |     +    |      0|  0|   6|           4|           3|
    |ch_fu_518_p2                      |     +    |      0|  0|  12|          12|           1|
    |cla_fu_678_p2                     |     +    |      0|  0|   6|           4|           3|
    |i_1_fu_702_p2                     |     +    |      0|  0|  32|           1|          32|
    |i_fu_471_p2                       |     +    |      0|  0|  32|           1|          32|
    |j_1_fu_732_p2                     |     +    |      0|  0|  32|           1|          32|
    |j_2_fu_608_p2                     |     +    |      0|  0|  32|          32|           1|
    |j_fu_501_p2                       |     +    |      0|  0|  32|           1|          32|
    |loop_1_fu_690_p2                  |     +    |      0|  0|  13|          13|           1|
    |loop_2_fu_530_p2                  |     +    |      0|  0|  10|          10|           1|
    |loop_fu_459_p2                    |     +    |      0|  0|  13|          13|           1|
    |ap_block_pp0_stage0_11001         |    and   |      0|  0|   1|           1|           1|
    |ap_block_pp1_stage1_11001         |    and   |      0|  0|   1|           1|           1|
    |ap_block_state24_io               |    and   |      0|  0|   1|           1|           1|
    |ap_block_state25_io               |    and   |      0|  0|   1|           1|           1|
    |ap_block_state2_pp0_stage0_iter0  |    and   |      0|  0|   1|           1|           1|
    |ap_block_state7_pp1_stage1_iter0  |    and   |      0|  0|   1|           1|           1|
    |valData_0_load_A                  |    and   |      0|  0|   1|           1|           1|
    |valData_0_load_B                  |    and   |      0|  0|   1|           1|           1|
    |valGradient_1_load_A              |    and   |      0|  0|   1|           1|           1|
    |valGradient_1_load_B              |    and   |      0|  0|   1|           1|           1|
    |valWeight_0_load_A                |    and   |      0|  0|   1|           1|           1|
    |valWeight_0_load_B                |    and   |      0|  0|   1|           1|           1|
    |icmp_ln397_fu_453_p2              |   icmp   |      0|  0|   6|          13|          10|
    |icmp_ln401_fu_465_p2              |   icmp   |      0|  0|  12|          32|          10|
    |icmp_ln421_fu_512_p2              |   icmp   |      0|  0|   5|          12|           8|
    |icmp_ln424_fu_524_p2              |   icmp   |      0|  0|   5|          10|           9|
    |icmp_ln430_fu_536_p2              |   icmp   |      0|  0|  12|          32|          10|
    |icmp_ln436_fu_554_p2              |   icmp   |      0|  0|  12|          32|           4|
    |icmp_ln448_fu_628_p2              |   icmp   |      0|  0|   2|           4|           4|
    |icmp_ln461_fu_684_p2              |   icmp   |      0|  0|   6|          13|          10|
    |icmp_ln465_fu_696_p2              |   icmp   |      0|  0|  12|          32|          10|
    |valData_0_state_cmp_full          |   icmp   |      0|  0|   1|           2|           1|
    |valGradient_1_state_cmp_full      |   icmp   |      0|  0|   1|           2|           1|
    |valWeight_0_state_cmp_full        |   icmp   |      0|  0|   1|           2|           1|
    |ap_block_pp2_stage0_11001         |    or    |      0|  0|   1|           1|           1|
    |ap_block_state26                  |    or    |      0|  0|   1|           1|           1|
    |select_ln401_1_fu_489_p3          |  select  |      0|  0|  32|           1|          32|
    |select_ln401_fu_477_p3            |  select  |      0|  0|  32|           1|           1|
    |select_ln430_fu_542_p3            |  select  |      0|  0|  32|           1|           1|
    |select_ln465_1_fu_720_p3          |  select  |      0|  0|  32|           1|           1|
    |select_ln465_fu_708_p3            |  select  |      0|  0|  32|           1|          32|
    |ap_enable_pp0                     |    xor   |      0|  0|   2|           1|           2|
    |ap_enable_pp1                     |    xor   |      0|  0|   2|           1|           2|
    |ap_enable_pp2                     |    xor   |      0|  0|   2|           1|           2|
    |ap_enable_reg_pp0_iter1           |    xor   |      0|  0|   2|           2|           1|
    |ap_enable_reg_pp2_iter1           |    xor   |      0|  0|   2|           2|           1|
    +----------------------------------+----------+-------+---+----+------------+------------+
    |Total                             |          |      0|  0| 558|         377|         361|
    +----------------------------------+----------+-------+---+----+------------+------------+

    * Multiplexer: 
    +----------------------------------+----+-----------+-----+-----------+
    |               Name               | LUT| Input Size| Bits| Total Bits|
    +----------------------------------+----+-----------+-----+-----------+
    |ap_NS_fsm                         |   9|         22|    1|         22|
    |ap_enable_reg_pp0_iter1           |   3|          3|    1|          3|
    |ap_enable_reg_pp1_iter1           |   3|          2|    1|          2|
    |ap_enable_reg_pp2_iter1           |   3|          2|    1|          2|
    |ap_enable_reg_pp2_iter3           |   3|          2|    1|          2|
    |ap_phi_mux_i5_0_phi_fu_375_p4     |   3|          2|   32|         64|
    |ap_phi_mux_i_0_phi_fu_297_p4      |   3|          2|   32|         64|
    |ap_phi_mux_j3_0_phi_fu_330_p4     |   3|          2|   32|         64|
    |ap_phi_mux_loop1_0_phi_fu_341_p4  |   3|          2|   10|         20|
    |ch_0_reg_315                      |   3|          2|   12|         24|
    |cla_0_reg_348                     |   3|          2|    4|          8|
    |fltData_address0                  |   5|          9|   12|        108|
    |fltData_address1                  |   4|          8|   12|         96|
    |fltData_ce0                       |   4|          7|    1|          7|
    |fltData_ce1                       |   4|          7|    1|          7|
    |fltData_d0                        |   3|          3|   32|         96|
    |fltData_d1                        |   3|          3|   32|         96|
    |fltGradient_address0              |   4|          8|   13|        104|
    |fltGradient_address1              |   4|          6|   13|         78|
    |fltGradient_ce0                   |   4|          7|    1|          7|
    |fltGradient_ce1                   |   4|          6|    1|          6|
    |fltGradient_d1                    |   4|          6|   32|        192|
    |fltGradient_we1                   |   4|          6|    1|          6|
    |fltLabel_address0                 |   4|          7|    4|         28|
    |fltWeight_address0                |   4|          7|   13|         91|
    |fltWeight_address1                |   4|          6|   13|         78|
    |fltWeight_ce0                     |   4|          7|    1|          7|
    |fltWeight_ce1                     |   4|          6|    1|          6|
    |i5_0_reg_371                      |   3|          2|   32|         64|
    |i_0_reg_293                       |   3|          2|   32|         64|
    |j3_0_reg_326                      |   3|          2|   32|         64|
    |j6_0_reg_382                      |   3|          2|   32|         64|
    |j_0_reg_282                       |   3|          2|   32|         64|
    |loop1_0_reg_337                   |   3|          2|   10|         20|
    |loop4_0_reg_360                   |   3|          2|   13|         26|
    |loop_0_reg_304                    |   3|          2|   13|         26|
    |valData_0_data_out                |   3|          2|   32|         64|
    |valData_0_state                   |   3|          3|    2|          6|
    |valData_TDATA_blk_n               |   3|          2|    1|          2|
    |valGradient_1_data_out            |   3|          2|   32|         64|
    |valGradient_1_state               |   3|          3|    2|          6|
    |valGradient_TDATA_blk_n           |   3|          2|    1|          2|
    |valWeight_0_data_out              |   3|          2|   32|         64|
    |valWeight_0_state                 |   3|          3|    2|          6|
    |valWeight_TDATA_blk_n             |   3|          2|    1|          2|
    +----------------------------------+----+-----------+-----+-----------+
    |Total                             | 157|        189|  611|       1896|
    +----------------------------------+----+-----------+-----+-----------+

    * Register: 
    +-----------------------------------+----+----+-----+-----------+
    |                Name               | FF | LUT| Bits| Const Bits|
    +-----------------------------------+----+----+-----+-----------+
    |add_ln439_reg_830                  |  11|   0|   11|          0|
    |add_ln451_reg_858                  |   4|   0|    4|          0|
    |add_ln453_reg_868                  |   4|   0|    4|          0|
    |add_ln454_reg_878                  |   4|   0|    4|          0|
    |add_ln455_reg_888                  |   4|   0|    4|          0|
    |ap_CS_fsm                          |  21|   0|   21|          0|
    |ap_enable_reg_pp0_iter0            |   1|   0|    1|          0|
    |ap_enable_reg_pp0_iter1            |   1|   0|    1|          0|
    |ap_enable_reg_pp1_iter0            |   1|   0|    1|          0|
    |ap_enable_reg_pp1_iter1            |   1|   0|    1|          0|
    |ap_enable_reg_pp2_iter0            |   1|   0|    1|          0|
    |ap_enable_reg_pp2_iter1            |   1|   0|    1|          0|
    |ap_enable_reg_pp2_iter2            |   1|   0|    1|          0|
    |ap_enable_reg_pp2_iter3            |   1|   0|    1|          0|
    |ch_0_reg_315                       |  12|   0|   12|          0|
    |ch_reg_794                         |  12|   0|   12|          0|
    |cla_0_reg_348                      |   4|   0|    4|          0|
    |cla_reg_898                        |   4|   0|    4|          0|
    |grp_bgd_func0_fu_393_ap_start_reg  |   1|   0|    1|          0|
    |grp_bgd_func1_fu_434_ap_start_reg  |   1|   0|    1|          0|
    |grp_bgd_func2_fu_414_ap_start_reg  |   1|   0|    1|          0|
    |grp_bgd_func3_fu_424_ap_start_reg  |   1|   0|    1|          0|
    |grp_bgd_func4_fu_404_ap_start_reg  |   1|   0|    1|          0|
    |i5_0_reg_371                       |  32|   0|   32|          0|
    |i_0_reg_293                        |  32|   0|   32|          0|
    |icmp_ln397_reg_756                 |   1|   0|    1|          0|
    |icmp_ln424_reg_799                 |   1|   0|    1|          0|
    |icmp_ln436_reg_826                 |   1|   0|    1|          0|
    |icmp_ln461_reg_903                 |   1|   0|    1|          0|
    |j3_0_reg_326                       |  32|   0|   32|          0|
    |j6_0_reg_382                       |  32|   0|   32|          0|
    |j_0_reg_282                        |  32|   0|   32|          0|
    |j_2_reg_845                        |  32|   0|   32|          0|
    |loop1_0_reg_337                    |  10|   0|   10|          0|
    |loop4_0_reg_360                    |  13|   0|   13|          0|
    |loop_0_reg_304                     |  13|   0|   13|          0|
    |loop_2_reg_803                     |  10|   0|   10|          0|
    |reg_444                            |  32|   0|   32|          0|
    |select_ln401_1_reg_770             |  32|   0|   32|          0|
    |select_ln430_reg_808               |  32|   0|   32|          0|
    |select_ln465_reg_912               |  32|   0|   32|          0|
    |trunc_ln401_reg_765                |  14|   0|   14|          0|
    |trunc_ln409_reg_775                |  14|   0|   14|          0|
    |trunc_ln435_reg_815                |  11|   0|   11|          0|
    |trunc_ln472_1_reg_922              |  14|   0|   14|          0|
    |trunc_ln472_reg_917                |  14|   0|   14|          0|
    |valData_0_payload_A                |  32|   0|   32|          0|
    |valData_0_payload_B                |  32|   0|   32|          0|
    |valData_0_sel_rd                   |   1|   0|    1|          0|
    |valData_0_sel_wr                   |   1|   0|    1|          0|
    |valData_0_state                    |   2|   0|    2|          0|
    |valData_read_reg_820               |  32|   0|   32|          0|
    |valGradient_1_payload_A            |  32|   0|   32|          0|
    |valGradient_1_payload_B            |  32|   0|   32|          0|
    |valGradient_1_sel_rd               |   1|   0|    1|          0|
    |valGradient_1_sel_wr               |   1|   0|    1|          0|
    |valGradient_1_state                |   2|   0|    2|          0|
    |valWeight_0_payload_A              |  32|   0|   32|          0|
    |valWeight_0_payload_B              |  32|   0|   32|          0|
    |valWeight_0_sel_rd                 |   1|   0|    1|          0|
    |valWeight_0_sel_wr                 |   1|   0|    1|          0|
    |valWeight_0_state                  |   2|   0|    2|          0|
    |valWeight_read_reg_780             |  32|   0|   32|          0|
    |zext_ln439_1_reg_840               |  11|   0|   13|          2|
    |zext_ln439_2_reg_835               |  11|   0|   12|          1|
    |icmp_ln461_reg_903                 |  64|  32|    1|          0|
    +-----------------------------------+----+----+-----+-----------+
    |Total                              | 884|  32|  824|          3|
    +-----------------------------------+----+----+-----+-----------+



================================================================
== Interface
================================================================
* Summary: 
+--------------------+-----+-----+------------+--------------+--------------+
|      RTL Ports     | Dir | Bits|  Protocol  | Source Object|    C Type    |
+--------------------+-----+-----+------------+--------------+--------------+
|ap_clk              |  in |    1| ap_ctrl_hs |   bgd_accel  | return value |
|ap_rst_n            |  in |    1| ap_ctrl_hs |   bgd_accel  | return value |
|ap_start            |  in |    1| ap_ctrl_hs |   bgd_accel  | return value |
|ap_done             | out |    1| ap_ctrl_hs |   bgd_accel  | return value |
|ap_idle             | out |    1| ap_ctrl_hs |   bgd_accel  | return value |
|ap_ready            | out |    1| ap_ctrl_hs |   bgd_accel  | return value |
|valData_TDATA       |  in |   32|    axis    |    valData   |    pointer   |
|valData_TVALID      |  in |    1|    axis    |    valData   |    pointer   |
|valData_TREADY      | out |    1|    axis    |    valData   |    pointer   |
|valWeight_TDATA     |  in |   32|    axis    |   valWeight  |    pointer   |
|valWeight_TVALID    |  in |    1|    axis    |   valWeight  |    pointer   |
|valWeight_TREADY    | out |    1|    axis    |   valWeight  |    pointer   |
|valGradient_TDATA   | out |   32|    axis    |  valGradient |    pointer   |
|valGradient_TVALID  | out |    1|    axis    |  valGradient |    pointer   |
|valGradient_TREADY  |  in |    1|    axis    |  valGradient |    pointer   |
+--------------------+-----+-----+------------+--------------+--------------+

